<?xml version="1.0" encoding="UTF-8"?>
<testng-results skipped="0" failed="0" ignored="0" total="2" passed="2">
  <reporter-output>
  </reporter-output>
  <suite name="Default suite" duration-ms="1496" started-at="2019-06-10T21:45:01Z" finished-at="2019-06-10T21:45:02Z">
    <groups>
    </groups>
    <test name="Default test" duration-ms="1496" started-at="2019-06-10T21:45:01Z" finished-at="2019-06-10T21:45:02Z">
      <class name="extentReport.ExtenReport">
        <test-method status="PASS" signature="beforeClass()[pri:0, instance:extentReport.ExtenReport@1b604f19]" name="beforeClass" is-config="true" duration-ms="672" started-at="2019-06-10T21:45:01Z" finished-at="2019-06-10T21:45:01Z">
          <reporter-output>
          </reporter-output>
        </test-method> <!-- beforeClass -->
        <test-method status="PASS" signature="beforeMethod(java.lang.reflect.Method)[pri:0, instance:extentReport.ExtenReport@1b604f19]" name="beforeMethod" is-config="true" duration-ms="16" started-at="2019-06-10T21:45:01Z" finished-at="2019-06-10T21:45:01Z">
          <params>
            <param index="0">
              <value>
                <![CDATA[public void extentReport.ExtenReport.test1()]]>
              </value>
            </param>
          </params>
          <reporter-output>
          </reporter-output>
        </test-method> <!-- beforeMethod -->
        <test-method status="PASS" signature="afterMethod(org.testng.ITestResult)[pri:0, instance:extentReport.ExtenReport@1b604f19]" name="afterMethod" is-config="true" duration-ms="16" started-at="2019-06-10T21:45:01Z" finished-at="2019-06-10T21:45:01Z">
          <params>
            <param index="0">
              <value>
                <![CDATA[[TestResult name=test1 status=SUCCESS method=ExtenReport.test1()[pri:0, instance:extentReport.ExtenReport@1b604f19] output={null}]]]>
              </value>
            </param>
          </params>
          <reporter-output>
          </reporter-output>
        </test-method> <!-- afterMethod -->
        <test-method status="PASS" signature="test1()[pri:0, instance:extentReport.ExtenReport@1b604f19]" name="test1" duration-ms="0" started-at="2019-06-10T21:45:01Z" finished-at="2019-06-10T21:45:01Z">
          <reporter-output>
          </reporter-output>
        </test-method> <!-- test1 -->
        <test-method status="PASS" signature="beforeMethod(java.lang.reflect.Method)[pri:0, instance:extentReport.ExtenReport@1b604f19]" name="beforeMethod" is-config="true" duration-ms="1" started-at="2019-06-10T21:45:01Z" finished-at="2019-06-10T21:45:01Z">
          <params>
            <param index="0">
              <value>
                <![CDATA[public void extentReport.ExtenReport.test2()]]>
              </value>
            </param>
          </params>
          <reporter-output>
          </reporter-output>
        </test-method> <!-- beforeMethod -->
        <test-method status="PASS" signature="test2()[pri:0, instance:extentReport.ExtenReport@1b604f19]" name="test2" duration-ms="4" started-at="2019-06-10T21:45:01Z" finished-at="2019-06-10T21:45:01Z">
          <reporter-output>
          </reporter-output>
        </test-method> <!-- test2 -->
        <test-method status="PASS" signature="afterMethod(org.testng.ITestResult)[pri:0, instance:extentReport.ExtenReport@1b604f19]" name="afterMethod" is-config="true" duration-ms="1" started-at="2019-06-10T21:45:01Z" finished-at="2019-06-10T21:45:01Z">
          <params>
            <param index="0">
              <value>
                <![CDATA[[TestResult name=test2 status=SUCCESS method=ExtenReport.test2()[pri:0, instance:extentReport.ExtenReport@1b604f19] output={null}]]]>
              </value>
            </param>
          </params>
          <reporter-output>
          </reporter-output>
        </test-method> <!-- afterMethod -->
        <test-method status="PASS" signature="Afterclass()[pri:0, instance:extentReport.ExtenReport@1b604f19]" name="Afterclass" is-config="true" duration-ms="768" started-at="2019-06-10T21:45:01Z" finished-at="2019-06-10T21:45:02Z">
          <reporter-output>
          </reporter-output>
        </test-method> <!-- Afterclass -->
      </class> <!-- extentReport.ExtenReport -->
    </test> <!-- Default test -->
  </suite> <!-- Default suite -->
</testng-results>
